<?xml version="1.0" encoding="UTF-8"?>
<!-- Generated by org.testng.reporters.JUnitReportReporter -->
<testsuite hostname="DESKTOP-V0OJO3P" name="test.day1" tests="1" failures="0" timestamp="30 Jun 2020 06:04:36 GMT" time="0.010" errors="0">
  <testcase name="Demo" time="0.010" classname="test.day1"/>
</testsuite> <!-- test.day1 -->
