<?xml version="1.0" encoding="UTF-8"?>
<!-- Generated by org.testng.reporters.JUnitReportReporter -->
<testsuite hostname="DESKTOP-V0OJO3P" name="test.day3" tests="5" failures="0" timestamp="30 Jun 2020 06:04:36 GMT" time="0.026" errors="0">
  <testcase name="MobilesignoutcarLoan" time="0.003" classname="test.day3"/>
  <testcase name="MobilesignoutcarLoan" time="0.009" classname="test.day3"/>
  <testcase name="MobilesignoutcarLoan" time="0.002" classname="test.day3"/>
  <testcase name="MobileLogincarLoan" time="0.008" classname="test.day3"/>
  <testcase name="WebloginCarLoan" time="0.004" classname="test.day3"/>
</testsuite> <!-- test.day3 -->
