<?xml version="1.0" encoding="UTF-8"?>
<!-- Generated by org.testng.reporters.JUnitReportReporter -->
<testsuite hostname="DESKTOP-V0OJO3P" name="test.day2" tests="1" failures="0" timestamp="30 Jun 2020 06:04:36 GMT" time="0.002" errors="0">
  <testcase name="ploan" time="0.002" classname="test.day2"/>
</testsuite> <!-- test.day2 -->
