<?xml version="1.0" encoding="UTF-8"?>
<!-- Generated by org.testng.reporters.JUnitReportReporter -->
<testsuite hostname="DESKTOP-V0OJO3P" name="test.day4" tests="3" failures="0" timestamp="30 Jun 2020 06:04:36 GMT" time="0.007" errors="0">
  <testcase name="WebloginHomeLoan" time="0.001" classname="test.day4"/>
  <testcase name="MobileLoginHomeLoan" time="0.001" classname="test.day4"/>
  <testcase name="LoginAPIHomeLoan" time="0.005" classname="test.day4"/>
</testsuite> <!-- test.day4 -->
